<?xml version="1.0" encoding="UTF-8"?>
<!-- Generated by org.testng.reporters.JUnitReportReporter -->
<testsuite hostname="Himalaya-Laptop" failures="0" tests="2" name="Learning.Selenium.day1" time="0.000" errors="0" timestamp="2022-07-11T16:58:55 IST" skipped="2">
  <testcase classname="Learning.Selenium.day1" name="webLoginCarLoan" time="0.000">
    <skipped/>
  </testcase> <!-- webLoginCarLoan -->
  <system-out/>
  <testcase classname="Learning.Selenium.day1" name="APILoginCarLoan" time="0.000">
    <skipped/>
  </testcase> <!-- APILoginCarLoan -->
  <system-out/>
</testsuite> <!-- Learning.Selenium.day1 -->
