<?xml version="1.0" encoding="UTF-8"?>
<!-- Generated by org.testng.reporters.JUnitReportReporter -->
<testsuite hostname="Himalaya-Laptop" failures="0" tests="3" name="Learning.Selenium.PracticeTestNg" time="0.000" errors="0" timestamp="2022-07-11T16:58:55 IST" skipped="3">
  <testcase classname="Learning.Selenium.PracticeTestNg" name="demo" time="0.000">
    <skipped/>
  </testcase> <!-- demo -->
  <system-out/>
  <testcase classname="Learning.Selenium.PracticeTestNg" name="test3" time="0.000">
    <skipped/>
  </testcase> <!-- test3 -->
  <system-out/>
  <testcase classname="Learning.Selenium.PracticeTestNg" name="test2" time="0.000">
    <skipped/>
  </testcase> <!-- test2 -->
  <system-out/>
</testsuite> <!-- Learning.Selenium.PracticeTestNg -->
