<?xml version="1.0" encoding="UTF-8"?>
<!-- Generated by org.testng.reporters.JUnitReportReporter -->
<testsuite hostname="Himalaya-Laptop" failures="0" tests="1" name="ToolsQA.textBox" time="10.711" errors="0" timestamp="2022-07-06T17:45:20 IST" skipped="0">
  <testcase classname="ToolsQA.textBox" name="fillingTextBox" time="10.711"/>
  <system-out/>
</testsuite> <!-- ToolsQA.textBox -->
