<?xml version="1.0" encoding="UTF-8"?>
<!-- Generated by org.testng.reporters.JUnitReportReporter -->
<testsuite hostname="Himalaya-Laptop" failures="0" tests="7" name="Learning.Selenium.day3" time="0.003" errors="0" timestamp="2022-07-11T16:58:55 IST" skipped="7">
  <testcase classname="Learning.Selenium.day3" name="webLoginPersonalLoanDataproviderexample" time="0.000">
    <skipped/>
  </testcase> <!-- webLoginPersonalLoanDataproviderexample -->
  <system-out/>
  <testcase classname="Learning.Selenium.day3" name="webLoginPersonalLoan" time="0.000">
    <skipped/>
  </testcase> <!-- webLoginPersonalLoan -->
  <system-out/>
  <testcase classname="Learning.Selenium.day3" name="APILoginPersonalLoan" time="0.001">
    <skipped/>
  </testcase> <!-- APILoginPersonalLoan -->
  <system-out/>
  <testcase classname="Learning.Selenium.day3" name="APILoginCarLoan" time="0.000">
    <skipped/>
  </testcase> <!-- APILoginCarLoan -->
  <system-out/>
  <testcase classname="Learning.Selenium.day3" name="webLoginPersonalLoanDataproviderexample" time="0.001">
    <skipped/>
  </testcase> <!-- webLoginPersonalLoanDataproviderexample -->
  <system-out/>
  <testcase classname="Learning.Selenium.day3" name="webLoginPersonalLoanDataproviderexample" time="0.001">
    <skipped/>
  </testcase> <!-- webLoginPersonalLoanDataproviderexample -->
  <system-out/>
  <testcase classname="Learning.Selenium.day3" name="MobileLoginPersonalLoan">
    <skipped/>
  </testcase> <!-- MobileLoginPersonalLoan -->
  <system-out/>
</testsuite> <!-- Learning.Selenium.day3 -->
